/ufrc/lamb/tikaharikhanal/Model-of-Pancreatic-Islets/Main/Run
c31a-s40.ufhpc
Sat Jun 27 13:54:58 EDT 2020
rm: cannot remove ‘x86_64/Alpha_Glucagon.c’: No such file or directory
rm: cannot remove ‘x86_64/Alpha_Na.c’: No such file or directory
rm: cannot remove ‘x86_64/Beta_BK.mod’: No such file or directory
rm: cannot remove ‘x86_64/Delta_Syn.lo’: No such file or directory
rm: cannot remove ‘x86_64/Delta_L.lo’: No such file or directory
rm: cannot remove ‘x86_64/Beta_Na.c’: No such file or directory
rm: cannot remove ‘x86_64/Beta_Cac.c’: No such file or directory
rm: cannot remove ‘x86_64/Alpha_KDR.c’: No such file or directory
rm: cannot remove ‘x86_64/Beta_KATP.mod’: No such file or directory
rm: cannot remove ‘x86_64/Beta_CaL.c’: No such file or directory
rm: cannot remove ‘x86_64/Alpha_L.mod’: No such file or directory
rm: cannot remove ‘x86_64/Alpha_KDR.lo’: No such file or directory
rm: cannot remove ‘x86_64/Delta_CaL.lo’: No such file or directory
rm: cannot remove ‘x86_64/Delta_L.c’: No such file or directory
rm: cannot remove ‘x86_64/Beta_CaL.lo’: No such file or directory
rm: cannot remove ‘x86_64/Beta_HERG.lo’: No such file or directory
rm: cannot remove ‘x86_64/Delta_Na.lo’: No such file or directory
rm: cannot remove ‘x86_64/Beta_PCa.mod’: No such file or directory
rm: cannot remove ‘x86_64/Delta_CaPQ.lo’: No such file or directory
rm: cannot remove ‘x86_64/Beta_BK.lo’: No such file or directory
rm: cannot remove ‘x86_64/Beta_BK.c’: No such file or directory
rm: cannot remove ‘x86_64/Beta_L.mod’: No such file or directory
rm: cannot remove ‘x86_64/Beta_KATP.c’: No such file or directory
rm: cannot remove ‘x86_64/Beta_L.c’: No such file or directory
rm: cannot remove ‘x86_64/Beta_Cac.mod’: No such file or directory
rm: cannot remove ‘x86_64/Alpha_CaPQ.c’: No such file or directory
rm: cannot remove ‘x86_64/Alpha_Syn.c’: No such file or directory
rm: cannot remove ‘x86_64/Alpha_Glucagon.mod’: No such file or directory
rm: cannot remove ‘x86_64/Beta_Ins.c’: No such file or directory
rm: cannot remove ‘x86_64/Beta_CaT.lo’: No such file or directory
rm: cannot remove ‘x86_64/special’: No such file or directory
rm: cannot remove ‘x86_64/Delta_CaL.mod’: No such file or directory
rm: cannot remove ‘x86_64/Beta_CaP.lo’: No such file or directory
rm: cannot remove ‘x86_64/Beta_Cac.lo’: No such file or directory
rm: cannot remove ‘x86_64/Beta_PCa.c’: No such file or directory
rm: cannot remove ‘x86_64/Alpha_Syn.mod’: No such file or directory
rm: cannot remove ‘x86_64/Beta_KDR.mod’: No such file or directory
rm: cannot remove ‘x86_64/Alpha_Ka.mod’: No such file or directory
rm: cannot remove ‘x86_64/Alpha_KATP.lo’: No such file or directory
rm: cannot remove ‘x86_64/Beta_V.lo’: No such file or directory
rm: cannot remove ‘x86_64/Alpha_CaL.mod’: No such file or directory
rm: cannot remove ‘x86_64/Beta_Ins.mod’: No such file or directory
rm: cannot remove ‘x86_64/Beta_KDR.c’: No such file or directory
rm: cannot remove ‘x86_64/Alpha_KATP.c’: No such file or directory
rm: cannot remove ‘x86_64/Beta_NaB.lo’: No such file or directory
rm: cannot remove ‘x86_64/Alpha_KDR.mod’: No such file or directory
rm: cannot remove ‘x86_64/Alpha_CaT.mod’: No such file or directory
rm: cannot remove ‘x86_64/Delta_Somatostatin.c’: No such file or directory
rm: cannot remove ‘x86_64/Alpha_CaL.c’: No such file or directory
rm: cannot remove ‘x86_64/Alpha_Ka.lo’: No such file or directory
rm: cannot remove ‘x86_64/Delta_Ka.mod’: No such file or directory
rm: cannot remove ‘x86_64/Delta_GABA.mod’: No such file or directory
rm: cannot remove ‘x86_64/Delta_KATP.lo’: No such file or directory
rm: cannot remove ‘x86_64/Delta_CaL.c’: No such file or directory
rm: cannot remove ‘x86_64/Beta_CaT.mod’: No such file or directory
